<?xml version="1.0" encoding="UTF-8"?>
<!-- Generated by org.testng.reporters.JUnitXMLReporter -->
<testsuite hostname="AdministorsMBP3.home" name="Assignment" tests="14" failures="1" timestamp="3 Aug 2016 02:18:13 GMT" time="7.599" errors="0">
  <testcase name="callbackOpenLib" time="1.061" classname="com.skillsoft.restassured.Assignment_Restassured"/>
  <testcase name="checkResponseCodeForCorrectRequest" time="0.295" classname="com.skillsoft.restassured.Assignment_Restassured"/>
  <testcase name="checkResponseCodeForIncorrectRequest" time="0.223" classname="com.skillsoft.restassured.Assignment_Restassured"/>
  <testcase name="checkResponseContectTypeRDF" time="0.785" classname="com.skillsoft.restassured.Assignment_Restassured"/>
  <testcase name="checkResponseContentTypeJson" time="0.226" classname="com.skillsoft.restassured.Assignment_Restassured"/>
  <testcase name="checkSizeofentriesResponse" time="0.552" classname="com.skillsoft.restassured.Assignment_Restassured"/>
  <testcase name="checkTheSecondCommentOf2014WasAtAlbertPark" time="0.273" classname="com.skillsoft.restassured.Assignment_Restassured"/>
  <testcase name="checkTheaurthor" time="0.269" classname="com.skillsoft.restassured.Assignment_Restassured"/>
  <testcase name="checkauthours" time="0.239" classname="com.skillsoft.restassured.Assignment_Restassured"/>
  <testcase name="cookiesSupportEqualCharacterInCookieValue" time="0.975" classname="com.skillsoft.restassured.Assignment_Restassured">
    <failure type="java.lang.AssertionError" message="1 expectation failed.
No cookies defined in the response
">
      <![CDATA[java.lang.AssertionError: 1 expectation failed.
No cookies defined in the response

	at org.codehaus.groovy.runtime.callsite.ConstructorSite$ConstructorSiteNoUnwrap.callConstructor(ConstructorSite.java:84)
	at org.codehaus.groovy.runtime.callsite.CallSiteArray.defaultCallConstructor(CallSiteArray.java:60)
	at org.codehaus.groovy.runtime.callsite.AbstractCallSite.callConstructor(AbstractCallSite.java:235)
	at org.codehaus.groovy.runtime.callsite.AbstractCallSite.callConstructor(AbstractCallSite.java:247)
	at io.restassured.internal.ResponseSpecificationImpl$HamcrestAssertionClosure.validate(ResponseSpecificationImpl.groovy:451)
	at io.restassured.internal.ResponseSpecificationImpl$HamcrestAssertionClosure$validate$1.call(Unknown Source)
	at io.restassured.internal.RequestSpecificationImpl.applyPathParamsAndSendRequest(RequestSpecificationImpl.groovy:1632)
	at groovy.lang.MetaMethod.doMethodInvoke(MetaMethod.java:325)
	at groovy.lang.MetaClassImpl.invokeMethod(MetaClassImpl.java:1212)
	at groovy.lang.MetaClassImpl.invokeMethod(MetaClassImpl.java:1021)
	at groovy.lang.MetaClassImpl.invokeMethod(MetaClassImpl.java:812)
	at io.restassured.internal.RequestSpecificationImpl.invokeMethod(RequestSpecificationImpl.groovy)
	at org.codehaus.groovy.runtime.callsite.PogoInterceptableSite.call(PogoInterceptableSite.java:48)
	at org.codehaus.groovy.runtime.callsite.PogoInterceptableSite.callCurrent(PogoInterceptableSite.java:58)
	at org.codehaus.groovy.runtime.callsite.AbstractCallSite.callCurrent(AbstractCallSite.java:182)
	at io.restassured.internal.RequestSpecificationImpl.applyPathParamsAndSendRequest(RequestSpecificationImpl.groovy:1637)
	at groovy.lang.MetaMethod.doMethodInvoke(MetaMethod.java:325)
	at groovy.lang.MetaClassImpl.invokeMethod(MetaClassImpl.java:1212)
	at groovy.lang.MetaClassImpl.invokeMethod(MetaClassImpl.java:1021)
	at groovy.lang.MetaClassImpl.invokeMethod(MetaClassImpl.java:812)
	at io.restassured.internal.RequestSpecificationImpl.invokeMethod(RequestSpecificationImpl.groovy)
	at org.codehaus.groovy.runtime.callsite.PogoInterceptableSite.call(PogoInterceptableSite.java:48)
	at org.codehaus.groovy.runtime.callsite.PogoInterceptableSite.callCurrent(PogoInterceptableSite.java:58)
	at org.codehaus.groovy.runtime.callsite.CallSiteArray.defaultCallCurrent(CallSiteArray.java:52)
	at org.codehaus.groovy.runtime.callsite.AbstractCallSite.callCurrent(AbstractCallSite.java:154)
	at org.codehaus.groovy.runtime.callsite.AbstractCallSite.callCurrent(AbstractCallSite.java:182)
	at io.restassured.internal.RequestSpecificationImpl.post(RequestSpecificationImpl.groovy:170)
	at io.restassured.internal.RequestSpecificationImpl.post(RequestSpecificationImpl.groovy)
	at com.skillsoft.restassured.Assignment_Restassured.cookiesSupportEqualCharacterInCookieValue(Assignment_Restassured.java:186)
... Removed 40 stack frames]]>
    </failure>
  </testcase> <!-- cookiesSupportEqualCharacterInCookieValue -->
  <testcase name="getRdfAndCheck" time="0.85" classname="com.skillsoft.restassured.Assignment_Restassured"/>
  <testcase name="useBasicAuthentication" time="0.963" classname="com.skillsoft.restassured.Assignment_Restassured"/>
  <testcase name="useMultiplePathParameters" time="0.264" classname="com.skillsoft.restassured.Assignment_Restassured"/>
  <testcase name="useSinglePathParameter" time="0.243" classname="com.skillsoft.restassured.Assignment_Restassured"/>
</testsuite> <!-- Assignment -->
