<?xml version="1.0" encoding="UTF-8"?>
<testng-results skipped="0" failed="1" total="15" passed="14">
  <reporter-output>
  </reporter-output>
  <suite name="Default suite" duration-ms="8825" started-at="2016-08-03T02:19:10Z" finished-at="2016-08-03T02:19:19Z">
    <groups>
    </groups>
    <test name="Default test" duration-ms="8825" started-at="2016-08-03T02:19:10Z" finished-at="2016-08-03T02:19:19Z">
      <class name="com.skillsoft.restassured.Assignment_Restassured">
        <test-method status="PASS" signature="callbackOpenLib()[pri:0, instance:com.skillsoft.restassured.Assignment_Restassured@a38d7a3]" name="callbackOpenLib" duration-ms="1077" started-at="2016-08-02T22:19:10Z" finished-at="2016-08-02T22:19:11Z">
          <reporter-output>
          </reporter-output>
        </test-method> <!-- callbackOpenLib -->
        <test-method status="PASS" signature="checkResponseCodeForCorrectRequest()[pri:0, instance:com.skillsoft.restassured.Assignment_Restassured@a38d7a3]" name="checkResponseCodeForCorrectRequest" duration-ms="215" started-at="2016-08-02T22:19:11Z" finished-at="2016-08-02T22:19:12Z">
          <reporter-output>
          </reporter-output>
        </test-method> <!-- checkResponseCodeForCorrectRequest -->
        <test-method status="PASS" signature="checkResponseCodeForIncorrectRequest()[pri:0, instance:com.skillsoft.restassured.Assignment_Restassured@a38d7a3]" name="checkResponseCodeForIncorrectRequest" duration-ms="292" started-at="2016-08-02T22:19:12Z" finished-at="2016-08-02T22:19:12Z">
          <reporter-output>
          </reporter-output>
        </test-method> <!-- checkResponseCodeForIncorrectRequest -->
        <test-method status="PASS" signature="checkResponseContectTypeRDF()[pri:0, instance:com.skillsoft.restassured.Assignment_Restassured@a38d7a3]" name="checkResponseContectTypeRDF" duration-ms="793" started-at="2016-08-02T22:19:12Z" finished-at="2016-08-02T22:19:13Z">
          <reporter-output>
          </reporter-output>
        </test-method> <!-- checkResponseContectTypeRDF -->
        <test-method status="PASS" signature="checkResponseContentTypeJson()[pri:0, instance:com.skillsoft.restassured.Assignment_Restassured@a38d7a3]" name="checkResponseContentTypeJson" duration-ms="203" started-at="2016-08-02T22:19:13Z" finished-at="2016-08-02T22:19:13Z">
          <reporter-output>
          </reporter-output>
        </test-method> <!-- checkResponseContentTypeJson -->
        <test-method status="PASS" signature="checkSizeofentriesResponse()[pri:0, instance:com.skillsoft.restassured.Assignment_Restassured@a38d7a3]" name="checkSizeofentriesResponse" duration-ms="593" started-at="2016-08-02T22:19:13Z" finished-at="2016-08-02T22:19:13Z">
          <reporter-output>
          </reporter-output>
        </test-method> <!-- checkSizeofentriesResponse -->
        <test-method status="PASS" signature="checkTheSecondCommentOf2014WasAtAlbertPark()[pri:0, instance:com.skillsoft.restassured.Assignment_Restassured@a38d7a3]" name="checkTheSecondCommentOf2014WasAtAlbertPark" duration-ms="242" started-at="2016-08-02T22:19:14Z" finished-at="2016-08-02T22:19:14Z">
          <reporter-output>
          </reporter-output>
        </test-method> <!-- checkTheSecondCommentOf2014WasAtAlbertPark -->
        <test-method status="PASS" signature="checkTheaurthor()[pri:0, instance:com.skillsoft.restassured.Assignment_Restassured@a38d7a3]" name="checkTheaurthor" duration-ms="260" started-at="2016-08-02T22:19:14Z" finished-at="2016-08-02T22:19:14Z">
          <reporter-output>
          </reporter-output>
        </test-method> <!-- checkTheaurthor -->
        <test-method status="PASS" signature="checkauthours()[pri:0, instance:com.skillsoft.restassured.Assignment_Restassured@a38d7a3]" name="checkauthours" duration-ms="232" started-at="2016-08-02T22:19:14Z" finished-at="2016-08-02T22:19:14Z">
          <reporter-output>
          </reporter-output>
        </test-method> <!-- checkauthours -->
        <test-method status="FAIL" signature="cookiesSupportEqualCharacterInCookieValue()[pri:0, instance:com.skillsoft.restassured.Assignment_Restassured@a38d7a3]" name="cookiesSupportEqualCharacterInCookieValue" duration-ms="915" started-at="2016-08-02T22:19:14Z" finished-at="2016-08-02T22:19:15Z">
          <exception class="java.lang.AssertionError">
            <message>
              <![CDATA[1 expectation failed.
No cookies defined in the response
]]>
            </message>
            <full-stacktrace>
              <![CDATA[java.lang.AssertionError: 1 expectation failed.
No cookies defined in the response

	at sun.reflect.NativeConstructorAccessorImpl.newInstance0(Native Method)
	at sun.reflect.NativeConstructorAccessorImpl.newInstance(NativeConstructorAccessorImpl.java:62)
	at sun.reflect.DelegatingConstructorAccessorImpl.newInstance(DelegatingConstructorAccessorImpl.java:45)
	at java.lang.reflect.Constructor.newInstance(Constructor.java:423)
	at org.codehaus.groovy.reflection.CachedConstructor.invoke(CachedConstructor.java:83)
	at org.codehaus.groovy.reflection.CachedConstructor.doConstructorInvoke(CachedConstructor.java:77)
	at org.codehaus.groovy.runtime.callsite.ConstructorSite$ConstructorSiteNoUnwrap.callConstructor(ConstructorSite.java:84)
	at org.codehaus.groovy.runtime.callsite.CallSiteArray.defaultCallConstructor(CallSiteArray.java:60)
	at org.codehaus.groovy.runtime.callsite.AbstractCallSite.callConstructor(AbstractCallSite.java:235)
	at org.codehaus.groovy.runtime.callsite.AbstractCallSite.callConstructor(AbstractCallSite.java:247)
	at io.restassured.internal.ResponseSpecificationImpl$HamcrestAssertionClosure.validate(ResponseSpecificationImpl.groovy:451)
	at io.restassured.internal.ResponseSpecificationImpl$HamcrestAssertionClosure$validate$1.call(Unknown Source)
	at io.restassured.internal.RequestSpecificationImpl.applyPathParamsAndSendRequest(RequestSpecificationImpl.groovy:1632)
	at sun.reflect.NativeMethodAccessorImpl.invoke0(Native Method)
	at sun.reflect.NativeMethodAccessorImpl.invoke(NativeMethodAccessorImpl.java:62)
	at sun.reflect.DelegatingMethodAccessorImpl.invoke(DelegatingMethodAccessorImpl.java:43)
	at java.lang.reflect.Method.invoke(Method.java:498)
	at org.codehaus.groovy.reflection.CachedMethod.invoke(CachedMethod.java:93)
	at groovy.lang.MetaMethod.doMethodInvoke(MetaMethod.java:325)
	at groovy.lang.MetaClassImpl.invokeMethod(MetaClassImpl.java:1212)
	at groovy.lang.MetaClassImpl.invokeMethod(MetaClassImpl.java:1021)
	at groovy.lang.MetaClassImpl.invokeMethod(MetaClassImpl.java:812)
	at io.restassured.internal.RequestSpecificationImpl.invokeMethod(RequestSpecificationImpl.groovy)
	at org.codehaus.groovy.runtime.callsite.PogoInterceptableSite.call(PogoInterceptableSite.java:48)
	at org.codehaus.groovy.runtime.callsite.PogoInterceptableSite.callCurrent(PogoInterceptableSite.java:58)
	at org.codehaus.groovy.runtime.callsite.AbstractCallSite.callCurrent(AbstractCallSite.java:182)
	at io.restassured.internal.RequestSpecificationImpl.applyPathParamsAndSendRequest(RequestSpecificationImpl.groovy:1637)
	at sun.reflect.NativeMethodAccessorImpl.invoke0(Native Method)
	at sun.reflect.NativeMethodAccessorImpl.invoke(NativeMethodAccessorImpl.java:62)
	at sun.reflect.DelegatingMethodAccessorImpl.invoke(DelegatingMethodAccessorImpl.java:43)
	at java.lang.reflect.Method.invoke(Method.java:498)
	at org.codehaus.groovy.reflection.CachedMethod.invoke(CachedMethod.java:93)
	at groovy.lang.MetaMethod.doMethodInvoke(MetaMethod.java:325)
	at groovy.lang.MetaClassImpl.invokeMethod(MetaClassImpl.java:1212)
	at groovy.lang.MetaClassImpl.invokeMethod(MetaClassImpl.java:1021)
	at groovy.lang.MetaClassImpl.invokeMethod(MetaClassImpl.java:812)
	at io.restassured.internal.RequestSpecificationImpl.invokeMethod(RequestSpecificationImpl.groovy)
	at org.codehaus.groovy.runtime.callsite.PogoInterceptableSite.call(PogoInterceptableSite.java:48)
	at org.codehaus.groovy.runtime.callsite.PogoInterceptableSite.callCurrent(PogoInterceptableSite.java:58)
	at org.codehaus.groovy.runtime.callsite.CallSiteArray.defaultCallCurrent(CallSiteArray.java:52)
	at org.codehaus.groovy.runtime.callsite.AbstractCallSite.callCurrent(AbstractCallSite.java:154)
	at org.codehaus.groovy.runtime.callsite.AbstractCallSite.callCurrent(AbstractCallSite.java:182)
	at io.restassured.internal.RequestSpecificationImpl.post(RequestSpecificationImpl.groovy:170)
	at io.restassured.internal.RequestSpecificationImpl.post(RequestSpecificationImpl.groovy)
	at com.skillsoft.restassured.Assignment_Restassured.cookiesSupportEqualCharacterInCookieValue(Assignment_Restassured.java:186)
	at sun.reflect.NativeMethodAccessorImpl.invoke0(Native Method)
	at sun.reflect.NativeMethodAccessorImpl.invoke(NativeMethodAccessorImpl.java:62)
	at sun.reflect.DelegatingMethodAccessorImpl.invoke(DelegatingMethodAccessorImpl.java:43)
	at java.lang.reflect.Method.invoke(Method.java:498)
	at org.testng.internal.MethodInvocationHelper.invokeMethod(MethodInvocationHelper.java:86)
	at org.testng.internal.Invoker.invokeMethod(Invoker.java:643)
	at org.testng.internal.Invoker.invokeTestMethod(Invoker.java:820)
	at org.testng.internal.Invoker.invokeTestMethods(Invoker.java:1128)
	at org.testng.internal.TestMethodWorker.invokeTestMethods(TestMethodWorker.java:129)
	at org.testng.internal.TestMethodWorker.run(TestMethodWorker.java:112)
	at org.testng.TestRunner.privateRun(TestRunner.java:782)
	at org.testng.TestRunner.run(TestRunner.java:632)
	at org.testng.SuiteRunner.runTest(SuiteRunner.java:366)
	at org.testng.SuiteRunner.runSequentially(SuiteRunner.java:361)
	at org.testng.SuiteRunner.privateRun(SuiteRunner.java:319)
	at org.testng.SuiteRunner.run(SuiteRunner.java:268)
	at org.testng.SuiteRunnerWorker.runSuite(SuiteRunnerWorker.java:52)
	at org.testng.SuiteRunnerWorker.run(SuiteRunnerWorker.java:86)
	at org.testng.TestNG.runSuitesSequentially(TestNG.java:1244)
	at org.testng.TestNG.runSuitesLocally(TestNG.java:1169)
	at org.testng.TestNG.run(TestNG.java:1064)
	at org.testng.remote.AbstractRemoteTestNG.run(AbstractRemoteTestNG.java:126)
	at org.testng.remote.RemoteTestNG.initAndRun(RemoteTestNG.java:137)
	at org.testng.remote.RemoteTestNG.main(RemoteTestNG.java:58)
]]>
            </full-stacktrace>
          </exception> <!-- java.lang.AssertionError -->
          <reporter-output>
          </reporter-output>
        </test-method> <!-- cookiesSupportEqualCharacterInCookieValue -->
        <test-method status="PASS" signature="getRdfAndCheck()[pri:0, instance:com.skillsoft.restassured.Assignment_Restassured@a38d7a3]" name="getRdfAndCheck" duration-ms="790" started-at="2016-08-02T22:19:15Z" finished-at="2016-08-02T22:19:16Z">
          <reporter-output>
          </reporter-output>
        </test-method> <!-- getRdfAndCheck -->
        <test-method status="PASS" signature="retrieveOAuthToken()[pri:0, instance:com.skillsoft.restassured.Assignment_Restassured@a38d7a3]" name="retrieveOAuthToken" duration-ms="1265" started-at="2016-08-02T22:19:16Z" finished-at="2016-08-02T22:19:17Z">
          <reporter-output>
          </reporter-output>
        </test-method> <!-- retrieveOAuthToken -->
        <test-method status="PASS" signature="useBasicAuthentication()[pri:0, instance:com.skillsoft.restassured.Assignment_Restassured@a38d7a3]" name="useBasicAuthentication" duration-ms="947" started-at="2016-08-02T22:19:17Z" finished-at="2016-08-02T22:19:18Z">
          <reporter-output>
          </reporter-output>
        </test-method> <!-- useBasicAuthentication -->
        <test-method status="PASS" signature="useMultiplePathParameters()[pri:0, instance:com.skillsoft.restassured.Assignment_Restassured@a38d7a3]" name="useMultiplePathParameters" duration-ms="266" started-at="2016-08-02T22:19:18Z" finished-at="2016-08-02T22:19:18Z">
          <reporter-output>
          </reporter-output>
        </test-method> <!-- useMultiplePathParameters -->
        <test-method status="PASS" signature="useSinglePathParameter()[pri:0, instance:com.skillsoft.restassured.Assignment_Restassured@a38d7a3]" name="useSinglePathParameter" duration-ms="322" started-at="2016-08-02T22:19:18Z" finished-at="2016-08-02T22:19:19Z">
          <reporter-output>
          </reporter-output>
        </test-method> <!-- useSinglePathParameter -->
        <test-method status="PASS" signature="tearDown()[pri:0, instance:com.skillsoft.restassured.Assignment_Restassured@a38d7a3]" name="tearDown" is-config="true" duration-ms="3274" started-at="2016-08-02T22:19:19Z" finished-at="2016-08-02T22:19:22Z">
          <reporter-output>
          </reporter-output>
        </test-method> <!-- tearDown -->
      </class> <!-- com.skillsoft.restassured.Assignment_Restassured -->
    </test> <!-- Default test -->
  </suite> <!-- Default suite -->
</testng-results>
